<?xml version="1.0" encoding="UTF-8"?>
<beans xmlns="http://www.springframework.org/schema/beans"
	   xmlns:xsi="http://www.w3.org/2001/XMLSchema-instance"
	   xmlns:context="http://www.springframework.org/schema/context"
	   xmlns:dubbo="http://code.alibabatech.com/schema/dubbo"
	   xsi:schemaLocation="http://www.springframework.org/schema/beans
         http://www.springframework.org/schema/beans/spring-beans-4.0.xsd  
         http://www.springframework.org/schema/context
         http://www.springframework.org/schema/context/spring-context-4.0.xsd
         http://code.alibabatech.com/schema/dubbo
         http://code.alibabatech.com/schema/dubbo/dubbo.xsd">
	<!-- 引入属性配置文件 -->
	<bean class="com.sunyard.sunfintech.core.util.PropertiesUtil">
		<property name="locations">
			<list>
				<value>classpath:spring/test-jdbc.properties</value>
				<value>classpath:spring/test-system.properties</value>
			</list>
		</property>
		<property name="properties">
			<props>
				<!-- dubbo个性化配置(服务名,端口) -->
				<prop key="dubbo.application.name">ftdm-service-account</prop>
				<prop key="dubbo.protocol.port">18089</prop>
			</props>
		</property>
		<property name="decryptProperties">
			<array>
				<!-- 需要解密的配置 -->
				<value>db.reader.password</value>
				<value>db.writer.password</value>
			</array>
		</property>
	</bean>
	<bean lazy-init="false" id="springcontextholder" class="com.sunyard.sunfintech.core.util.SpringContextHolder"></bean>

	<!-- 扫描注解 -->
	<context:component-scan base-package="com.sunyard.sunfintech">
		<context:exclude-filter type="annotation" expression="org.springframework.stereotype.Controller" />
	</context:component-scan>

	<!-- 引入SPRING配置文件 -->
	<!-- <import resource="spring/mq.xml"/> -->
	<import resource="classpath*:spring/test-server-dubbo.xml" />
	<import resource="classpath*:spring/redis.xml"/>
	<import resource="classpath*:spring/rabbitmq-config.xml"/>
	<import resource="classpath*:spring/mybatis.xml"/>
	<import resource="classpath*:spring/data-source.xml"/>
	<!-- <import resource="mq-listener.xml"/>
	<import resource="mq-sender.xml"/> -->
	<!--<import resource="active-mq.xml"/>-->

</beans>